<?xml version="1.0" encoding="UTF-8"?>
<testsuite xmlns:xsi="http://www.w3.org/2001/XMLSchema-instance" xsi:noNamespaceSchemaLocation="https://maven.apache.org/surefire/maven-surefire-plugin/xsd/surefire-test-report.xsd" name="com.google.protobuf.UnknownFieldSetTest" time="0.17" tests="29" errors="0" skipped="0" failures="0">
  <properties>
[...]
</properties>
  <testcase name="testSerialize" classname="com.google.protobuf.UnknownFieldSetTest" time="0.008"/>
  <testcase name="testClear" classname="com.google.protobuf.UnknownFieldSetTest" time="0"/>
  <testcase name="testVarint" classname="com.google.protobuf.UnknownFieldSetTest" time="0.001"/>
  <testcase name="testFixed32" classname="com.google.protobuf.UnknownFieldSetTest" time="0.004"/>
  <testcase name="testFixed64" classname="com.google.protobuf.UnknownFieldSetTest" time="0"/>
  <testcase name="testLengthDelimited" classname="com.google.protobuf.UnknownFieldSetTest" time="0"/>
  <testcase name="testGroup" classname="com.google.protobuf.UnknownFieldSetTest" time="0"/>
  <testcase name="testCopyFrom" classname="com.google.protobuf.UnknownFieldSetTest" time="0.024"/>
  <testcase name="testMergeFrom" classname="com.google.protobuf.UnknownFieldSetTest" time="0.001"/>
  <testcase name="testClearMessage" classname="com.google.protobuf.UnknownFieldSetTest" time="0"/>
  <testcase name="testClearField" classname="com.google.protobuf.UnknownFieldSetTest" time="0"/>
  <testcase name="testParseKnownAndUnknown" classname="com.google.protobuf.UnknownFieldSetTest" time="0.001"/>
  <testcase name="testWrongTypeTreatedAsUnknown" classname="com.google.protobuf.UnknownFieldSetTest" time="0.002"/>
  <testcase name="testUnknownExtensions" classname="com.google.protobuf.UnknownFieldSetTest" time="0.008"/>
  <testcase name="testWrongExtensionTypeTreatedAsUnknown" classname="com.google.protobuf.UnknownFieldSetTest" time="0.011"/>
  <testcase name="testParseUnknownEnumValue" classname="com.google.protobuf.UnknownFieldSetTest" time="0"/>
  <testcase name="testLargeVarint" classname="com.google.protobuf.UnknownFieldSetTest" time="0.001"/>
  <testcase name="testEqualsAndHashCode" classname="com.google.protobuf.UnknownFieldSetTest" time="0.012"/>
  <testcase name="testSerializeLite" classname="com.google.protobuf.UnknownFieldSetTest" time="0.002"/>
  <testcase name="testAllExtensionsLite" classname="com.google.protobuf.UnknownFieldSetTest" time="0.002"/>
  <testcase name="testAllPackedFieldsLite" classname="com.google.protobuf.UnknownFieldSetTest" time="0.001"/>
  <testcase name="testAllPackedExtensionsLite" classname="com.google.protobuf.UnknownFieldSetTest" time="0.001"/>
  <testcase name="testCopyFromLite" classname="com.google.protobuf.UnknownFieldSetTest" time="0.002"/>
  <testcase name="testMergeFromLite" classname="com.google.protobuf.UnknownFieldSetTest" time="0.002"/>
  <testcase name="testWrongTypeTreatedAsUnknownLite" classname="com.google.protobuf.UnknownFieldSetTest" time="0.003"/>
  <testcase name="testUnknownExtensionsLite" classname="com.google.protobuf.UnknownFieldSetTest" time="0.002"/>
  <testcase name="testWrongExtensionTypeTreatedAsUnknownLite" classname="com.google.protobuf.UnknownFieldSetTest" time="0.001"/>
  <testcase name="testParseUnknownEnumValueLite" classname="com.google.protobuf.UnknownFieldSetTest" time="0.002"/>
  <testcase name="testClearLite" classname="com.google.protobuf.UnknownFieldSetTest" time="0"/>
</testsuite>