<?xml version="1.0" encoding="UTF-8"?>
<testsuite xmlns:xsi="http://www.w3.org/2001/XMLSchema-instance" xsi:noNamespaceSchemaLocation="https://maven.apache.org/surefire/maven-surefire-plugin/xsd/surefire-test-report.xsd" name="com.google.protobuf.TextFormatTest" time="0.194" tests="36" errors="0" skipped="0" failures="0">
  <properties>
[...]
</properties>
  <testcase name="testParseExtensions" classname="com.google.protobuf.TextFormatTest" time="0.037"/>
  <testcase name="testPrintUnknownFields" classname="com.google.protobuf.TextFormatTest" time="0.003"/>
  <testcase name="testPrintField" classname="com.google.protobuf.TextFormatTest" time="0.008"/>
  <testcase name="testPrintExotic" classname="com.google.protobuf.TextFormatTest" time="0.003"/>
  <testcase name="testPrintMessageSet" classname="com.google.protobuf.TextFormatTest" time="0.032"/>
  <testcase name="testParse" classname="com.google.protobuf.TextFormatTest" time="0.016"/>
  <testcase name="testParseReader" classname="com.google.protobuf.TextFormatTest" time="0.018"/>
  <testcase name="testParseCompatibility" classname="com.google.protobuf.TextFormatTest" time="0.001"/>
  <testcase name="testParseExotic" classname="com.google.protobuf.TextFormatTest" time="0.002"/>
  <testcase name="testParseMessageSet" classname="com.google.protobuf.TextFormatTest" time="0.005"/>
  <testcase name="testParseMessageSetWithOverwriteForbidden" classname="com.google.protobuf.TextFormatTest" time="0.001"/>
  <testcase name="testParseNumericEnum" classname="com.google.protobuf.TextFormatTest" time="0"/>
  <testcase name="testParseAngleBrackets" classname="com.google.protobuf.TextFormatTest" time="0"/>
  <testcase name="testParseComment" classname="com.google.protobuf.TextFormatTest" time="0"/>
  <testcase name="testParseErrors" classname="com.google.protobuf.TextFormatTest" time="0.009"/>
  <testcase name="testEscape" classname="com.google.protobuf.TextFormatTest" time="0"/>
  <testcase name="testParseInteger" classname="com.google.protobuf.TextFormatTest" time="0.001"/>
  <testcase name="testParseString" classname="com.google.protobuf.TextFormatTest" time="0"/>
  <testcase name="testParseLongString" classname="com.google.protobuf.TextFormatTest" time="0.002"/>
  <testcase name="testParseBoolean" classname="com.google.protobuf.TextFormatTest" time="0"/>
  <testcase name="testParseAdjacentStringLiterals" classname="com.google.protobuf.TextFormatTest" time="0"/>
  <testcase name="testPrintFieldValue" classname="com.google.protobuf.TextFormatTest" time="0.001"/>
  <testcase name="testShortDebugString" classname="com.google.protobuf.TextFormatTest" time="0"/>
  <testcase name="testShortDebugString_unknown" classname="com.google.protobuf.TextFormatTest" time="0"/>
  <testcase name="testPrintToUnicodeString" classname="com.google.protobuf.TextFormatTest" time="0.001"/>
  <testcase name="testPrintToUnicodeStringWithNewlines" classname="com.google.protobuf.TextFormatTest" time="0.001"/>
  <testcase name="testPrintToUnicodeString_unknown" classname="com.google.protobuf.TextFormatTest" time="0"/>
  <testcase name="testParseNonRepeatedFields" classname="com.google.protobuf.TextFormatTest" time="0.002"/>
  <testcase name="testParseShortRepeatedFormOfRepeatedFields" classname="com.google.protobuf.TextFormatTest" time="0.002"/>
  <testcase name="testParseShortRepeatedFormOfNonRepeatedFields" classname="com.google.protobuf.TextFormatTest" time="0.001"/>
  <testcase name="testOneofTextFormat" classname="com.google.protobuf.TextFormatTest" time="0.002"/>
  <testcase name="testOneofOverwriteForbidden" classname="com.google.protobuf.TextFormatTest" time="0"/>
  <testcase name="testOneofOverwriteAllowed" classname="com.google.protobuf.TextFormatTest" time="0"/>
  <testcase name="testPrintExtensions" classname="com.google.protobuf.TextFormatTest" time="0.002"/>
  <testcase name="testPrintMessage" classname="com.google.protobuf.TextFormatTest" time="0.001"/>
  <testcase name="testPrintMessageBuilder" classname="com.google.protobuf.TextFormatTest" time="0.001"/>
</testsuite>