<?xml version="1.0" encoding="UTF-8"?>
<testsuite xmlns:xsi="http://www.w3.org/2001/XMLSchema-instance" xsi:noNamespaceSchemaLocation="https://maven.apache.org/surefire/maven-surefire-plugin/xsd/surefire-test-report.xsd" name="com.google.protobuf.ByteStringTest" time="0.147" tests="34" errors="0" skipped="0" failures="0">
  <properties>
[...]
</properties>
  <testcase name="testConcat_empty" classname="com.google.protobuf.ByteStringTest" time="0.048"/>
  <testcase name="testNewOutput_WriteChar" classname="com.google.protobuf.ByteStringTest" time="0.001"/>
  <testcase name="testNewOutput_Mixed" classname="com.google.protobuf.ByteStringTest" time="0.022"/>
  <testcase name="testNewOutputEmpty" classname="com.google.protobuf.ByteStringTest" time="0"/>
  <testcase name="testNewOutput_Mutating" classname="com.google.protobuf.ByteStringTest" time="0"/>
  <testcase name="testNewCodedBuilder" classname="com.google.protobuf.ByteStringTest" time="0"/>
  <testcase name="testSubstringParity" classname="com.google.protobuf.ByteStringTest" time="0.016"/>
  <testcase name="testCompositeSubstring" classname="com.google.protobuf.ByteStringTest" time="0.016"/>
  <testcase name="testCopyFromList" classname="com.google.protobuf.ByteStringTest" time="0"/>
  <testcase name="testConcat" classname="com.google.protobuf.ByteStringTest" time="0.006"/>
  <testcase name="testStartsWith" classname="com.google.protobuf.ByteStringTest" time="0.001"/>
  <testcase name="testEndsWith" classname="com.google.protobuf.ByteStringTest" time="0"/>
  <testcase name="testWriteToOutputStream" classname="com.google.protobuf.ByteStringTest" time="0"/>
  <testcase name="testSubstring_BeginIndex" classname="com.google.protobuf.ByteStringTest" time="0"/>
  <testcase name="testCopyFrom_BytesOffsetSize" classname="com.google.protobuf.ByteStringTest" time="0"/>
  <testcase name="testCopyFrom_Bytes" classname="com.google.protobuf.ByteStringTest" time="0"/>
  <testcase name="testCopyFrom_ByteBufferSize" classname="com.google.protobuf.ByteStringTest" time="0.001"/>
  <testcase name="testCopyFrom_ByteBuffer" classname="com.google.protobuf.ByteStringTest" time="0"/>
  <testcase name="testCopyFrom_StringEncoding" classname="com.google.protobuf.ByteStringTest" time="0.001"/>
  <testcase name="testCopyFrom_Utf8" classname="com.google.protobuf.ByteStringTest" time="0"/>
  <testcase name="testCopyFrom_Iterable" classname="com.google.protobuf.ByteStringTest" time="0.003"/>
  <testcase name="testCopyTo_TargetOffset" classname="com.google.protobuf.ByteStringTest" time="0"/>
  <testcase name="testReadFrom_emptyStream" classname="com.google.protobuf.ByteStringTest" time="0.001"/>
  <testcase name="testReadFrom_smallStream" classname="com.google.protobuf.ByteStringTest" time="0"/>
  <testcase name="testReadFrom_mutating" classname="com.google.protobuf.ByteStringTest" time="0.001"/>
  <testcase name="testReadFrom_mediumStream" classname="com.google.protobuf.ByteStringTest" time="0"/>
  <testcase name="testReadFrom_largeStream" classname="com.google.protobuf.ByteStringTest" time="0.008"/>
  <testcase name="testReadFrom_byteBoundaries" classname="com.google.protobuf.ByteStringTest" time="0.005"/>
  <testcase name="testReadFrom_IOExceptions" classname="com.google.protobuf.ByteStringTest" time="0"/>
  <testcase name="testReadFrom_reluctantStream" classname="com.google.protobuf.ByteStringTest" time="0.001"/>
  <testcase name="testReadFrom_available" classname="com.google.protobuf.ByteStringTest" time="0"/>
  <testcase name="testToStringUtf8" classname="com.google.protobuf.ByteStringTest" time="0"/>
  <testcase name="testNewOutput_InitialCapacity" classname="com.google.protobuf.ByteStringTest" time="0"/>
  <testcase name="testNewOutput_ArrayWrite" classname="com.google.protobuf.ByteStringTest" time="0.001"/>
</testsuite>