<?xml version="1.0" encoding="UTF-8"?>
<testsuite xmlns:xsi="http://www.w3.org/2001/XMLSchema-instance" xsi:noNamespaceSchemaLocation="https://maven.apache.org/surefire/maven-surefire-plugin/xsd/surefire-test-report.xsd" name="com.google.protobuf.BoundedByteStringTest" time="0.063" tests="25" errors="0" skipped="0" failures="0">
  <properties>
[...]
</properties>
  <testcase name="testToString" classname="com.google.protobuf.BoundedByteStringTest" time="0.002"/>
  <testcase name="testGetTreeDepth" classname="com.google.protobuf.BoundedByteStringTest" time="0.001"/>
  <testcase name="testExpectedType" classname="com.google.protobuf.BoundedByteStringTest" time="0"/>
  <testcase name="testByteAt" classname="com.google.protobuf.BoundedByteStringTest" time="0"/>
  <testcase name="testByteIterator" classname="com.google.protobuf.BoundedByteStringTest" time="0"/>
  <testcase name="testByteIterable" classname="com.google.protobuf.BoundedByteStringTest" time="0"/>
  <testcase name="testSize" classname="com.google.protobuf.BoundedByteStringTest" time="0"/>
  <testcase name="testIsBalanced" classname="com.google.protobuf.BoundedByteStringTest" time="0"/>
  <testcase name="testCopyTo_ByteArrayOffsetLength" classname="com.google.protobuf.BoundedByteStringTest" time="0"/>
  <testcase name="testCopyTo_ByteArrayOffsetLengthErrors" classname="com.google.protobuf.BoundedByteStringTest" time="0"/>
  <testcase name="testCopyTo_ByteBuffer" classname="com.google.protobuf.BoundedByteStringTest" time="0"/>
  <testcase name="testAsReadOnlyByteBuffer" classname="com.google.protobuf.BoundedByteStringTest" time="0"/>
  <testcase name="testAsReadOnlyByteBufferList" classname="com.google.protobuf.BoundedByteStringTest" time="0.001"/>
  <testcase name="testToByteArray" classname="com.google.protobuf.BoundedByteStringTest" time="0"/>
  <testcase name="testWriteTo" classname="com.google.protobuf.BoundedByteStringTest" time="0.001"/>
  <testcase name="testWriteTo_mutating" classname="com.google.protobuf.BoundedByteStringTest" time="0"/>
  <testcase name="testNewOutput" classname="com.google.protobuf.BoundedByteStringTest" time="0.001"/>
  <testcase name="testEquals" classname="com.google.protobuf.BoundedByteStringTest" time="0"/>
  <testcase name="testHashCode" classname="com.google.protobuf.BoundedByteStringTest" time="0.001"/>
  <testcase name="testPeekCachedHashCode" classname="com.google.protobuf.BoundedByteStringTest" time="0"/>
  <testcase name="testPartialHash" classname="com.google.protobuf.BoundedByteStringTest" time="0"/>
  <testcase name="testNewInput" classname="com.google.protobuf.BoundedByteStringTest" time="0.001"/>
  <testcase name="testNewInput_skip" classname="com.google.protobuf.BoundedByteStringTest" time="0"/>
  <testcase name="testNewCodedInput" classname="com.google.protobuf.BoundedByteStringTest" time="0"/>
  <testcase name="testConcat_empty" classname="com.google.protobuf.BoundedByteStringTest" time="0.001"/>
</testsuite>